<?xml version="1.0" encoding="UTF-8"?>
<testng-results ignored="0" total="3" passed="3" failed="0" skipped="0">
  <reporter-output>
  </reporter-output>
  <suite started-at="2021-09-13T20:41:53Z" name="Suite" finished-at="2021-09-13T20:42:15Z" duration-ms="22575">
    <groups>
    </groups>
    <test started-at="2021-09-13T20:41:53Z" name="Test" finished-at="2021-09-13T20:41:59Z" duration-ms="6524">
      <class name="Group1.Artifact1.Validation">
        <test-method is-config="true" signature="initialise()[pri:0, instance:Group1.Artifact1.Validation@672f11c2]" started-at="2021-09-13T20:41:53Z" name="initialise" finished-at="2021-09-13T20:41:55Z" duration-ms="2440" status="PASS">
          <reporter-output>
          </reporter-output>
        </test-method> <!-- initialise -->
        <test-method signature="Trial2()[pri:0, instance:Group1.Artifact1.Validation@672f11c2]" started-at="2021-09-13T20:41:55Z" name="Trial2" finished-at="2021-09-13T20:41:58Z" duration-ms="3222" status="PASS">
          <reporter-output>
          </reporter-output>
        </test-method> <!-- Trial2 -->
        <test-method is-config="true" signature="terminate()[pri:0, instance:Group1.Artifact1.Validation@672f11c2]" started-at="2021-09-13T20:41:58Z" name="terminate" finished-at="2021-09-13T20:41:59Z" duration-ms="836" status="PASS">
          <reporter-output>
          </reporter-output>
        </test-method> <!-- terminate -->
      </class> <!-- Group1.Artifact1.Validation -->
    </test> <!-- Test -->
    <test started-at="2021-09-13T20:41:59Z" name="Test1" finished-at="2021-09-13T20:42:15Z" duration-ms="16009">
      <class name="Group1.Artifact1.HomePage">
        <test-method is-config="true" signature="initialise()[pri:0, instance:Group1.Artifact1.HomePage@57f791c6]" started-at="2021-09-13T20:41:59Z" name="initialise" finished-at="2021-09-13T20:42:01Z" duration-ms="1954" status="PASS">
          <reporter-output>
          </reporter-output>
        </test-method> <!-- initialise -->
        <test-method signature="Trial1(java.lang.String, java.lang.String, java.lang.String)[pri:0, instance:Group1.Artifact1.HomePage@57f791c6]" started-at="2021-09-13T20:42:01Z" name="Trial1" data-provider="getData" finished-at="2021-09-13T20:42:09Z" duration-ms="7419" status="PASS">
          <params>
            <param index="0">
              <value>
                <![CDATA[email1@qw.com]]>
              </value>
            </param>
            <param index="1">
              <value>
                <![CDATA[password1]]>
              </value>
            </param>
            <param index="2">
              <value>
                <![CDATA[Restricted User]]>
              </value>
            </param>
          </params>
          <reporter-output>
          </reporter-output>
        </test-method> <!-- Trial1 -->
        <test-method signature="Trial1(java.lang.String, java.lang.String, java.lang.String)[pri:0, instance:Group1.Artifact1.HomePage@57f791c6]" started-at="2021-09-13T20:42:09Z" name="Trial1" data-provider="getData" finished-at="2021-09-13T20:42:14Z" duration-ms="4851" status="PASS">
          <params>
            <param index="0">
              <value>
                <![CDATA[email2@qww.com]]>
              </value>
            </param>
            <param index="1">
              <value>
                <![CDATA[password2]]>
              </value>
            </param>
            <param index="2">
              <value>
                <![CDATA[Unrestricted User]]>
              </value>
            </param>
          </params>
          <reporter-output>
          </reporter-output>
        </test-method> <!-- Trial1 -->
        <test-method is-config="true" signature="terminate()[pri:0, instance:Group1.Artifact1.HomePage@57f791c6]" started-at="2021-09-13T20:42:14Z" name="terminate" finished-at="2021-09-13T20:42:15Z" duration-ms="1781" status="PASS">
          <reporter-output>
          </reporter-output>
        </test-method> <!-- terminate -->
      </class> <!-- Group1.Artifact1.HomePage -->
    </test> <!-- Test1 -->
    <test started-at="2021-09-13T20:42:15Z" name="Test2" finished-at="2021-09-13T20:42:15Z" duration-ms="0">
    </test> <!-- Test2 -->
  </suite> <!-- Suite -->
</testng-results>
